<?xml version="1.0" encoding="UTF-8"?>
<!-- Generated by org.testng.reporters.JUnitReportReporter -->
<testsuite hostname="Rajesh" failures="0" tests="3" name="Testcases.IRCTC_Login" time="70.925" errors="0" timestamp="2024-10-03T10:37:19 IST" skipped="0">
  <testcase classname="Testcases.IRCTC_Login" name="Normal_userlogin" time="16.960"/>
  <system-out/>
  <testcase classname="Testcases.IRCTC_Login" name="Guest_userlogin" time="25.117"/>
  <system-out/>
  <testcase classname="Testcases.IRCTC_Login" name="name" time="28.848"/>
  <system-out/>
</testsuite> <!-- Testcases.IRCTC_Login -->
