<?xml version="1.0" encoding="UTF-8"?>
<!-- Generated by org.testng.reporters.JUnitReportReporter -->
<testsuite hostname="Rajesh" failures="0" tests="3" name="Testcases.SignUp" time="10.300" errors="0" timestamp="2024-10-03T11:18:39 IST" skipped="2">
  <testcase classname="Testcases.SignUp" name="completeOnboardingFlow1" time="10.300"/>
  <system-out/>
  <testcase classname="Testcases.SignUp" name="resendOTPTest">
    <skipped/>
  </testcase> <!-- resendOTPTest -->
  <system-out/>
  <testcase classname="Testcases.SignUp" name="verify_Mobile01_OTP">
    <skipped/>
  </testcase> <!-- verify_Mobile01_OTP -->
  <system-out/>
</testsuite> <!-- Testcases.SignUp -->
