<?xml version="1.0" encoding="UTF-8"?>
<!-- Generated by org.testng.reporters.JUnitReportReporter -->
<testsuite hostname="Rajesh" failures="0" tests="6" name="Testcases.Post_login" time="138.913" errors="0" timestamp="2024-10-03T10:37:19 IST" skipped="0">
  <testcase classname="Testcases.Post_login" name="Wallet_Balance" time="13.107"/>
  <system-out/>
  <testcase classname="Testcases.Post_login" name="verify_Mobile_OTP_HomePage" time="9.510"/>
  <system-out/>
  <testcase classname="Testcases.Post_login" name="check_transactioncoupons" time="33.325"/>
  <system-out/>
  <testcase classname="Testcases.Post_login" name="Wallet_transaction" time="33.818"/>
  <system-out/>
  <testcase classname="Testcases.Post_login" name="check_transactincoupons" time="13.649"/>
  <system-out/>
  <testcase classname="Testcases.Post_login" name="Complete_onboardin_checking_coupons" time="35.504"/>
  <system-out/>
</testsuite> <!-- Testcases.Post_login -->
